<?xml version="1.0" encoding="UTF-8" ?>
<testsuite tests="10" failures="2" name="EstudioORMWS_Test" time="1.857" errors="3" skipped="0">
  <properties>
    <property name="idea.version" value="2020.2.3"/>
    <property name="java.runtime.name" value="Java(TM) SE Runtime Environment"/>
    <property name="sun.boot.library.path" value="C:\Program Files\Java\jdk1.8.0_251\jre\bin"/>
    <property name="java.vm.version" value="25.251-b08"/>
    <property name="java.vm.vendor" value="Oracle Corporation"/>
    <property name="maven.multiModuleProjectDirectory" value="C:\Users\Ger\Desarrollo\DSW_EmpresaA\mercadeo-backend"/>
    <property name="java.vendor.url" value="http://java.oracle.com/"/>
    <property name="path.separator" value=";"/>
    <property name="guice.disable.misplaced.annotation.check" value="true"/>
    <property name="java.vm.name" value="Java HotSpot(TM) 64-Bit Server VM"/>
    <property name="file.encoding.pkg" value="sun.io"/>
    <property name="user.script" value=""/>
    <property name="user.country" value="US"/>
    <property name="sun.java.launcher" value="SUN_STANDARD"/>
    <property name="sun.os.patch.level" value=""/>
    <property name="java.vm.specification.name" value="Java Virtual Machine Specification"/>
    <property name="user.dir" value="C:\Users\Ger\Desarrollo\DSW_EmpresaA\mercadeo-backend"/>
    <property name="java.runtime.version" value="1.8.0_251-b08"/>
    <property name="java.awt.graphicsenv" value="sun.awt.Win32GraphicsEnvironment"/>
    <property name="java.endorsed.dirs" value="C:\Program Files\Java\jdk1.8.0_251\jre\lib\endorsed"/>
    <property name="os.arch" value="amd64"/>
    <property name="java.io.tmpdir" value="C:\Users\Ger\AppData\Local\Temp\"/>
    <property name="line.separator" value="
"/>
    <property name="java.vm.specification.vendor" value="Oracle Corporation"/>
    <property name="user.variant" value=""/>
    <property name="os.name" value="Windows 10"/>
    <property name="maven.ext.class.path" value="C:\Users\Ger\Downloads\Desarrollo\Herramientas\IntelliJ IDEA 10.0\plugins\maven\lib\maven-event-listener.jar"/>
    <property name="classworlds.conf" value="C:\Users\Ger\Downloads\Desarrollo\Herramientas\IntelliJ IDEA 10.0\plugins\maven\lib\maven3\bin\m2.conf"/>
    <property name="sun.jnu.encoding" value="Cp1252"/>
    <property name="java.library.path" value="C:\Program Files\Java\jdk1.8.0_251\bin;C:\WINDOWS\Sun\Java\bin;C:\WINDOWS\system32;C:\WINDOWS;C:\app\Ger\product\11.2.0\dbhome_1\bin;C:\Program Files (x86)\Common Files\Oracle\Java\javapath;C:\WINDOWS\system32;C:\WINDOWS;C:\WINDOWS\System32\Wbem;C:\WINDOWS\System32\WindowsPowerShell\v1.0\;C:\WINDOWS\system32\config\systemprofile\.dnx\bin;C:\Program Files\Microsoft DNX\Dnvm\;C:\Program Files\Microsoft SQL Server\130\Tools\Binn\;C:\Program Files (x86)\Windows Kits\8.1\Windows Performance Toolkit\;C:\Program Files\MATLAB\R2017a\bin;C:\WINDOWS\System32\OpenSSH\;C:\Program Files\Git\cmd;C:\Program Files\nodejs\;C:\Users\Ger\AppData\Local\Programs\Python\Python38\Scripts\;C:\Users\Ger\AppData\Local\Programs\Python\Python38\;C:\Users\Ger\AppData\Local\Microsoft\WindowsApps;C:\Program Files\Java\jre7;C:\Program Files\Java\jdk1.8.0_251\bin;C:\Users\Ger\AppData\Roaming\npm;C:\Users\Ger\AppData\Local\Programs\Microsoft VS Code\bin;."/>
    <property name="maven.conf" value="C:\Users\Ger\Downloads\Desarrollo\Herramientas\IntelliJ IDEA 10.0\plugins\maven\lib\maven3/conf"/>
    <property name="java.specification.name" value="Java Platform API Specification"/>
    <property name="java.class.version" value="52.0"/>
    <property name="sun.management.compiler" value="HotSpot 64-Bit Tiered Compilers"/>
    <property name="os.version" value="10.0"/>
    <property name="user.home" value="C:\Users\Ger"/>
    <property name="user.timezone" value="America/Caracas"/>
    <property name="java.awt.printerjob" value="sun.awt.windows.WPrinterJob"/>
    <property name="java.specification.version" value="1.8"/>
    <property name="file.encoding" value="UTF-8"/>
    <property name="user.name" value="Ger"/>
    <property name="java.class.path" value="C:\Users\Ger\Downloads\Desarrollo\Herramientas\IntelliJ IDEA 10.0\plugins\maven\lib\maven3\boot\plexus-classworlds-2.6.0.jar;C:\Users\Ger\Downloads\Desarrollo\Herramientas\IntelliJ IDEA 10.0\plugins\maven\lib\maven3\boot\plexus-classworlds.license;C:\Users\Ger\Downloads\Desarrollo\Herramientas\IntelliJ IDEA 10.0\lib\idea_rt.jar"/>
    <property name="java.vm.specification.version" value="1.8"/>
    <property name="sun.arch.data.model" value="64"/>
    <property name="java.home" value="C:\Program Files\Java\jdk1.8.0_251\jre"/>
    <property name="sun.java.command" value="org.codehaus.classworlds.Launcher -Didea.version=2020.2.3 install"/>
    <property name="java.specification.vendor" value="Oracle Corporation"/>
    <property name="user.language" value="en"/>
    <property name="awt.toolkit" value="sun.awt.windows.WToolkit"/>
    <property name="java.vm.info" value="mixed mode"/>
    <property name="java.version" value="1.8.0_251"/>
    <property name="java.ext.dirs" value="C:\Program Files\Java\jdk1.8.0_251\jre\lib\ext;C:\WINDOWS\Sun\Java\lib\ext"/>
    <property name="sun.boot.class.path" value="C:\Program Files\Java\jdk1.8.0_251\jre\lib\resources.jar;C:\Program Files\Java\jdk1.8.0_251\jre\lib\rt.jar;C:\Program Files\Java\jdk1.8.0_251\jre\lib\sunrsasign.jar;C:\Program Files\Java\jdk1.8.0_251\jre\lib\jsse.jar;C:\Program Files\Java\jdk1.8.0_251\jre\lib\jce.jar;C:\Program Files\Java\jdk1.8.0_251\jre\lib\charsets.jar;C:\Program Files\Java\jdk1.8.0_251\jre\lib\jfr.jar;C:\Program Files\Java\jdk1.8.0_251\jre\classes"/>
    <property name="java.vendor" value="Oracle Corporation"/>
    <property name="maven.home" value="C:\Users\Ger\Downloads\Desarrollo\Herramientas\IntelliJ IDEA 10.0\plugins\maven\lib\maven3"/>
    <property name="file.separator" value="\"/>
    <property name="java.vendor.url.bug" value="http://bugreport.sun.com/bugreport/"/>
    <property name="sun.cpu.endian" value="little"/>
    <property name="sun.io.unicode.encoding" value="UnicodeLittle"/>
    <property name="sun.desktop" value="windows"/>
    <property name="sun.cpu.isalist" value="amd64"/>
  </properties>
  <testcase classname="EstudioORMWS_Test" name="resultadosEstudioTest" time="0.162"/>
  <testcase classname="EstudioORMWS_Test" name="deleteEstudioTest" time="0.3">
    <failure message="Values should be different. Actual: 0" type="java.lang.AssertionError">java.lang.AssertionError: Values should be different. Actual: 0
	at org.junit.Assert.fail(Assert.java:89)
	at org.junit.Assert.failEquals(Assert.java:187)
	at org.junit.Assert.assertNotEquals(Assert.java:201)
	at org.junit.Assert.assertNotEquals(Assert.java:213)
	at EstudioORMWS_Test.deleteEstudioTest(EstudioORMWS_Test.java:40)
	at sun.reflect.NativeMethodAccessorImpl.invoke0(Native Method)
	at sun.reflect.NativeMethodAccessorImpl.invoke(NativeMethodAccessorImpl.java:62)
	at sun.reflect.DelegatingMethodAccessorImpl.invoke(DelegatingMethodAccessorImpl.java:43)
	at java.lang.reflect.Method.invoke(Method.java:498)
	at org.junit.runners.model.FrameworkMethod$1.runReflectiveCall(FrameworkMethod.java:59)
	at org.junit.internal.runners.model.ReflectiveCallable.run(ReflectiveCallable.java:12)
	at org.junit.runners.model.FrameworkMethod.invokeExplosively(FrameworkMethod.java:56)
	at org.junit.internal.runners.statements.InvokeMethod.evaluate(InvokeMethod.java:17)
	at org.junit.runners.ParentRunner$3.evaluate(ParentRunner.java:305)
	at org.junit.runners.BlockJUnit4ClassRunner$1.evaluate(BlockJUnit4ClassRunner.java:100)
	at org.junit.runners.ParentRunner.runLeaf(ParentRunner.java:365)
	at org.junit.runners.BlockJUnit4ClassRunner.runChild(BlockJUnit4ClassRunner.java:103)
	at org.junit.runners.BlockJUnit4ClassRunner.runChild(BlockJUnit4ClassRunner.java:63)
	at org.junit.runners.ParentRunner$4.run(ParentRunner.java:330)
	at org.junit.runners.ParentRunner$1.schedule(ParentRunner.java:78)
	at org.junit.runners.ParentRunner.runChildren(ParentRunner.java:328)
	at org.junit.runners.ParentRunner.access$100(ParentRunner.java:65)
	at org.junit.runners.ParentRunner$2.evaluate(ParentRunner.java:292)
	at org.junit.runners.ParentRunner$3.evaluate(ParentRunner.java:305)
	at org.junit.runners.ParentRunner.run(ParentRunner.java:412)
	at org.apache.maven.surefire.junit4.JUnit4Provider.execute(JUnit4Provider.java:252)
	at org.apache.maven.surefire.junit4.JUnit4Provider.executeTestSet(JUnit4Provider.java:141)
	at org.apache.maven.surefire.junit4.JUnit4Provider.invoke(JUnit4Provider.java:112)
	at sun.reflect.NativeMethodAccessorImpl.invoke0(Native Method)
	at sun.reflect.NativeMethodAccessorImpl.invoke(NativeMethodAccessorImpl.java:62)
	at sun.reflect.DelegatingMethodAccessorImpl.invoke(DelegatingMethodAccessorImpl.java:43)
	at java.lang.reflect.Method.invoke(Method.java:498)
	at org.apache.maven.surefire.util.ReflectionUtils.invokeMethodWithArray(ReflectionUtils.java:189)
	at org.apache.maven.surefire.booter.ProviderFactory$ProviderProxy.invoke(ProviderFactory.java:165)
	at org.apache.maven.surefire.booter.ProviderFactory.invokeProvider(ProviderFactory.java:85)
	at org.apache.maven.surefire.booter.ForkedBooter.runSuitesInProcess(ForkedBooter.java:115)
	at org.apache.maven.surefire.booter.ForkedBooter.main(ForkedBooter.java:75)
</failure>
    <system-out>[EL Fine]: sql: 2020-12-31 01:04:22.984--ServerSession(1213349904)--Connection(480184864)--Thread(Thread[main,5,main])--SELECT codigo, estado, estatus, fechaFin, fechaInicio, nombre, fk_solicitudEstudio, fk_usuario FROM estudio WHERE (codigo = ?)
	bind =&gt; [1]
[EL Fine]: sql: 2020-12-31 01:04:22.994--ServerSession(1213349904)--Connection(480184864)--Thread(Thread[main,5,main])--SELECT codigo, conCuantasPersonasVive, descripcionSolicitud, disponibilidadEnLinea, edadMaximaPoblacion, edadMinimaPoblacion, estado, estatus, fechaPeticion, generoPoblacional, fk_nivelEconomico, fk_ocupacion, fk_producto, fk_usuario FROM solicitud_estudio WHERE (codigo = ?)
	bind =&gt; [2]
[EL Fine]: sql: 2020-12-31 01:04:23.197--ServerSession(1213349904)--Connection(480184864)--Thread(Thread[main,5,main])--SELECT codigo, estado, nivel FROM nivel_economico WHERE (codigo = ?)
	bind =&gt; [2]
[EL Fine]: sql: 2020-12-31 01:04:23.205--ServerSession(1213349904)--Connection(480184864)--Thread(Thread[main,5,main])--SELECT codigo, estado, nombre FROM ocupacion WHERE (codigo = ?)
	bind =&gt; [1]
[EL Fine]: sql: 2020-12-31 01:04:23.208--ServerSession(1213349904)--Connection(480184864)--Thread(Thread[main,5,main])--SELECT codigo, descripcion, estado, nombre, fk_marca, fk_subcategoria, fk_usuario FROM producto WHERE (codigo = ?)
	bind =&gt; [1]
[EL Fine]: sql: 2020-12-31 01:04:23.253--ServerSession(1213349904)--Connection(480184864)--Thread(Thread[main,5,main])--SELECT codigo, estado, nombre FROM marca WHERE (codigo = ?)
	bind =&gt; [2]
[EL Fine]: sql: 2020-12-31 01:04:23.26--ServerSession(1213349904)--Connection(480184864)--Thread(Thread[main,5,main])--SELECT codigo, descripcion, estado, nombre, fk_categoria FROM subcategoria WHERE (codigo = ?)
	bind =&gt; [1]
[EL Fine]: sql: 2020-12-31 01:04:23.269--ServerSession(1213349904)--Connection(480184864)--Thread(Thread[main,5,main])--SELECT codigo, codigoRecuperacion, correo, estado, nombreUsuario, password, fk_datoUsuario, fk_rol FROM usuario WHERE (codigo = ?)
	bind =&gt; [1]
[EL Fine]: sql: 2020-12-31 01:04:23.273--ServerSession(1213349904)--Connection(480184864)--Thread(Thread[main,5,main])--SELECT codigo, cedula, conCuantasPersonasVive, disponibilidadEnLinea, estado, estadoCivil, fechaNacimiento, medio_comunicacion, primerApellido, primerNombre, segundoApellido, segundoNombre, sexo, fk_lugar, fk_nivelAcademico, fk_nivelEconomico, fk_ocupacion FROM dato_usuario WHERE (codigo = ?)
	bind =&gt; [1]
[EL Fine]: sql: 2020-12-31 01:04:23.275--ServerSession(1213349904)--Thread(Thread[main,5,main])--SELECT 1
[EL Warning]: 2020-12-31 01:04:23.279--ServerSession(1213349904)--Thread(Thread[main,5,main])--Exception [EclipseLink-4002] (Eclipse Persistence Services - 2.6.5.v20170607-b3d05bd): org.eclipse.persistence.exceptions.DatabaseException
Internal Exception: java.sql.SQLSyntaxErrorException: Unknown column &apos;medio_comunicacion&apos; in &apos;field list&apos;
Error Code: 1054
Call: SELECT codigo, cedula, conCuantasPersonasVive, disponibilidadEnLinea, estado, estadoCivil, fechaNacimiento, medio_comunicacion, primerApellido, primerNombre, segundoApellido, segundoNombre, sexo, fk_lugar, fk_nivelAcademico, fk_nivelEconomico, fk_ocupacion FROM dato_usuario WHERE (codigo = ?)
	bind =&gt; [1]
Query: ReadObjectQuery(name=&quot;_datoUsuario&quot; referenceClass=Dato_usuario )
</system-out>
  </testcase>
  <testcase classname="EstudioORMWS_Test" name="getEstudiosUsuarioTest" time="0.013"/>
  <testcase classname="EstudioORMWS_Test" name="getAllByUserNotReponseTest" time="0.158">
    <error message="javax.persistence.PersistenceException: Exception [EclipseLink-4002] (Eclipse Persistence Services - 2.6.5.v20170607-b3d05bd): org.eclipse.persistence.exceptions.DatabaseException
Internal Exception: java.sql.SQLSyntaxErrorException: Unknown column &apos;se.cantidadHijos&apos; in &apos;where clause&apos;
Error Code: 1054
Call: select distinct du.codigo , du.primerNombre , se.descripcionSolicitud, e.estatus, se.disponibilidadEnLinea from mercadeoucab.estudio as e, mercadeoucab.hijo as h, mercadeoucab.solicitud_estudio as se
INNER JOIN mercadeoucab.dato_usuario as du ON se.fk_nivelEconomico = du.fk_nivelEconomico
INNER JOIN mercadeoucab.region_estudio as re ON re.fk_lugar = du.fk_Lugar
where
du.sexo = se.generoPoblacional
and (du.disponibilidadEnLinea =  se.disponibilidadEnLinea) 
and du.fk_ocupacion = se.fk_ocupacion
and TIMESTAMPDIFF(YEAR,du.fechaNacimiento,CURDATE()) between se.edadMinimaPoblacion and se.edadMaximaPoblacion
and se.conCuantasPersonasVive = du.conCuantasPersonasVive
and ((select count(*) from mercadeoucab.hijo as h where h.fk_datoUsuario = du.codigo) = se.cantidadHijos )
and e.fk_solicitudEstudio = du.codigo
and e.fk_usuario =?
	bind =&gt; [1]
Query: DataReadQuery(sql=&quot;select distinct du.codigo , du.primerNombre , se.descripcionSolicitud, e.estatus, se.disponibilidadEnLinea from mercadeoucab.estudio as e, mercadeoucab.hijo as h, mercadeoucab.solicitud_estudio as se
INNER JOIN mercadeoucab.dato_usuario as du ON se.fk_nivelEconomico = du.fk_nivelEconomico
INNER JOIN mercadeoucab.region_estudio as re ON re.fk_lugar = du.fk_Lugar
where
du.sexo = se.generoPoblacional
and (du.disponibilidadEnLinea =  se.disponibilidadEnLinea) 
and du.fk_ocupacion = se.fk_ocupacion
and TIMESTAMPDIFF(YEAR,du.fechaNacimiento,CURDATE()) between se.edadMinimaPoblacion and se.edadMaximaPoblacion
and se.conCuantasPersonasVive = du.conCuantasPersonasVive
and ((select count(*) from mercadeoucab.hijo as h where h.fk_datoUsuario = du.codigo) = se.cantidadHijos )
and e.fk_solicitudEstudio = du.codigo
and e.fk_usuario =?&quot;)" type="java.lang.Exception">java.lang.Exception: javax.persistence.PersistenceException: Exception [EclipseLink-4002] (Eclipse Persistence Services - 2.6.5.v20170607-b3d05bd): org.eclipse.persistence.exceptions.DatabaseException
Internal Exception: java.sql.SQLSyntaxErrorException: Unknown column &apos;se.cantidadHijos&apos; in &apos;where clause&apos;
Error Code: 1054
Call: select distinct du.codigo , du.primerNombre , se.descripcionSolicitud, e.estatus, se.disponibilidadEnLinea from mercadeoucab.estudio as e, mercadeoucab.hijo as h, mercadeoucab.solicitud_estudio as se
INNER JOIN mercadeoucab.dato_usuario as du ON se.fk_nivelEconomico = du.fk_nivelEconomico
INNER JOIN mercadeoucab.region_estudio as re ON re.fk_lugar = du.fk_Lugar
where
du.sexo = se.generoPoblacional
and (du.disponibilidadEnLinea =  se.disponibilidadEnLinea) 
and du.fk_ocupacion = se.fk_ocupacion
and TIMESTAMPDIFF(YEAR,du.fechaNacimiento,CURDATE()) between se.edadMinimaPoblacion and se.edadMaximaPoblacion
and se.conCuantasPersonasVive = du.conCuantasPersonasVive
and ((select count(*) from mercadeoucab.hijo as h where h.fk_datoUsuario = du.codigo) = se.cantidadHijos )
and e.fk_solicitudEstudio = du.codigo
and e.fk_usuario =?
	bind =&gt; [1]
Query: DataReadQuery(sql=&quot;select distinct du.codigo , du.primerNombre , se.descripcionSolicitud, e.estatus, se.disponibilidadEnLinea from mercadeoucab.estudio as e, mercadeoucab.hijo as h, mercadeoucab.solicitud_estudio as se
INNER JOIN mercadeoucab.dato_usuario as du ON se.fk_nivelEconomico = du.fk_nivelEconomico
INNER JOIN mercadeoucab.region_estudio as re ON re.fk_lugar = du.fk_Lugar
where
du.sexo = se.generoPoblacional
and (du.disponibilidadEnLinea =  se.disponibilidadEnLinea) 
and du.fk_ocupacion = se.fk_ocupacion
and TIMESTAMPDIFF(YEAR,du.fechaNacimiento,CURDATE()) between se.edadMinimaPoblacion and se.edadMaximaPoblacion
and se.conCuantasPersonasVive = du.conCuantasPersonasVive
and ((select count(*) from mercadeoucab.hijo as h where h.fk_datoUsuario = du.codigo) = se.cantidadHijos )
and e.fk_solicitudEstudio = du.codigo
and e.fk_usuario =?&quot;)
	at ucab.dsw.servicio.EstudioORMWS.getAllByUserNotReponse(EstudioORMWS.java:340)
	at EstudioORMWS_Test.getAllByUserNotReponseTest(EstudioORMWS_Test.java:113)
	at sun.reflect.NativeMethodAccessorImpl.invoke0(Native Method)
	at sun.reflect.NativeMethodAccessorImpl.invoke(NativeMethodAccessorImpl.java:62)
	at sun.reflect.DelegatingMethodAccessorImpl.invoke(DelegatingMethodAccessorImpl.java:43)
	at java.lang.reflect.Method.invoke(Method.java:498)
	at org.junit.runners.model.FrameworkMethod$1.runReflectiveCall(FrameworkMethod.java:59)
	at org.junit.internal.runners.model.ReflectiveCallable.run(ReflectiveCallable.java:12)
	at org.junit.runners.model.FrameworkMethod.invokeExplosively(FrameworkMethod.java:56)
	at org.junit.internal.runners.statements.InvokeMethod.evaluate(InvokeMethod.java:17)
	at org.junit.runners.ParentRunner$3.evaluate(ParentRunner.java:305)
	at org.junit.runners.BlockJUnit4ClassRunner$1.evaluate(BlockJUnit4ClassRunner.java:100)
	at org.junit.runners.ParentRunner.runLeaf(ParentRunner.java:365)
	at org.junit.runners.BlockJUnit4ClassRunner.runChild(BlockJUnit4ClassRunner.java:103)
	at org.junit.runners.BlockJUnit4ClassRunner.runChild(BlockJUnit4ClassRunner.java:63)
	at org.junit.runners.ParentRunner$4.run(ParentRunner.java:330)
	at org.junit.runners.ParentRunner$1.schedule(ParentRunner.java:78)
	at org.junit.runners.ParentRunner.runChildren(ParentRunner.java:328)
	at org.junit.runners.ParentRunner.access$100(ParentRunner.java:65)
	at org.junit.runners.ParentRunner$2.evaluate(ParentRunner.java:292)
	at org.junit.runners.ParentRunner$3.evaluate(ParentRunner.java:305)
	at org.junit.runners.ParentRunner.run(ParentRunner.java:412)
	at org.apache.maven.surefire.junit4.JUnit4Provider.execute(JUnit4Provider.java:252)
	at org.apache.maven.surefire.junit4.JUnit4Provider.executeTestSet(JUnit4Provider.java:141)
	at org.apache.maven.surefire.junit4.JUnit4Provider.invoke(JUnit4Provider.java:112)
	at sun.reflect.NativeMethodAccessorImpl.invoke0(Native Method)
	at sun.reflect.NativeMethodAccessorImpl.invoke(NativeMethodAccessorImpl.java:62)
	at sun.reflect.DelegatingMethodAccessorImpl.invoke(DelegatingMethodAccessorImpl.java:43)
	at java.lang.reflect.Method.invoke(Method.java:498)
	at org.apache.maven.surefire.util.ReflectionUtils.invokeMethodWithArray(ReflectionUtils.java:189)
	at org.apache.maven.surefire.booter.ProviderFactory$ProviderProxy.invoke(ProviderFactory.java:165)
	at org.apache.maven.surefire.booter.ProviderFactory.invokeProvider(ProviderFactory.java:85)
	at org.apache.maven.surefire.booter.ForkedBooter.runSuitesInProcess(ForkedBooter.java:115)
	at org.apache.maven.surefire.booter.ForkedBooter.main(ForkedBooter.java:75)
Caused by: javax.persistence.PersistenceException: Exception [EclipseLink-4002] (Eclipse Persistence Services - 2.6.5.v20170607-b3d05bd): org.eclipse.persistence.exceptions.DatabaseException
Internal Exception: java.sql.SQLSyntaxErrorException: Unknown column &apos;se.cantidadHijos&apos; in &apos;where clause&apos;
Error Code: 1054
Call: select distinct du.codigo , du.primerNombre , se.descripcionSolicitud, e.estatus, se.disponibilidadEnLinea from mercadeoucab.estudio as e, mercadeoucab.hijo as h, mercadeoucab.solicitud_estudio as se
INNER JOIN mercadeoucab.dato_usuario as du ON se.fk_nivelEconomico = du.fk_nivelEconomico
INNER JOIN mercadeoucab.region_estudio as re ON re.fk_lugar = du.fk_Lugar
where
du.sexo = se.generoPoblacional
and (du.disponibilidadEnLinea =  se.disponibilidadEnLinea) 
and du.fk_ocupacion = se.fk_ocupacion
and TIMESTAMPDIFF(YEAR,du.fechaNacimiento,CURDATE()) between se.edadMinimaPoblacion and se.edadMaximaPoblacion
and se.conCuantasPersonasVive = du.conCuantasPersonasVive
and ((select count(*) from mercadeoucab.hijo as h where h.fk_datoUsuario = du.codigo) = se.cantidadHijos )
and e.fk_solicitudEstudio = du.codigo
and e.fk_usuario =?
	bind =&gt; [1]
Query: DataReadQuery(sql=&quot;select distinct du.codigo , du.primerNombre , se.descripcionSolicitud, e.estatus, se.disponibilidadEnLinea from mercadeoucab.estudio as e, mercadeoucab.hijo as h, mercadeoucab.solicitud_estudio as se
INNER JOIN mercadeoucab.dato_usuario as du ON se.fk_nivelEconomico = du.fk_nivelEconomico
INNER JOIN mercadeoucab.region_estudio as re ON re.fk_lugar = du.fk_Lugar
where
du.sexo = se.generoPoblacional
and (du.disponibilidadEnLinea =  se.disponibilidadEnLinea) 
and du.fk_ocupacion = se.fk_ocupacion
and TIMESTAMPDIFF(YEAR,du.fechaNacimiento,CURDATE()) between se.edadMinimaPoblacion and se.edadMaximaPoblacion
and se.conCuantasPersonasVive = du.conCuantasPersonasVive
and ((select count(*) from mercadeoucab.hijo as h where h.fk_datoUsuario = du.codigo) = se.cantidadHijos )
and e.fk_solicitudEstudio = du.codigo
and e.fk_usuario =?&quot;)
	at org.eclipse.persistence.internal.jpa.QueryImpl.getDetailedException(QueryImpl.java:387)
	at org.eclipse.persistence.internal.jpa.QueryImpl.executeReadQuery(QueryImpl.java:260)
	at org.eclipse.persistence.internal.jpa.QueryImpl.getResultList(QueryImpl.java:478)
	at ucab.dsw.servicio.EstudioORMWS.getAllByUserNotReponse(EstudioORMWS.java:326)
	... 33 more
Caused by: Exception [EclipseLink-4002] (Eclipse Persistence Services - 2.6.5.v20170607-b3d05bd): org.eclipse.persistence.exceptions.DatabaseException
Internal Exception: java.sql.SQLSyntaxErrorException: Unknown column &apos;se.cantidadHijos&apos; in &apos;where clause&apos;
Error Code: 1054
Call: select distinct du.codigo , du.primerNombre , se.descripcionSolicitud, e.estatus, se.disponibilidadEnLinea from mercadeoucab.estudio as e, mercadeoucab.hijo as h, mercadeoucab.solicitud_estudio as se
INNER JOIN mercadeoucab.dato_usuario as du ON se.fk_nivelEconomico = du.fk_nivelEconomico
INNER JOIN mercadeoucab.region_estudio as re ON re.fk_lugar = du.fk_Lugar
where
du.sexo = se.generoPoblacional
and (du.disponibilidadEnLinea =  se.disponibilidadEnLinea) 
and du.fk_ocupacion = se.fk_ocupacion
and TIMESTAMPDIFF(YEAR,du.fechaNacimiento,CURDATE()) between se.edadMinimaPoblacion and se.edadMaximaPoblacion
and se.conCuantasPersonasVive = du.conCuantasPersonasVive
and ((select count(*) from mercadeoucab.hijo as h where h.fk_datoUsuario = du.codigo) = se.cantidadHijos )
and e.fk_solicitudEstudio = du.codigo
and e.fk_usuario =?
	bind =&gt; [1]
Query: DataReadQuery(sql=&quot;select distinct du.codigo , du.primerNombre , se.descripcionSolicitud, e.estatus, se.disponibilidadEnLinea from mercadeoucab.estudio as e, mercadeoucab.hijo as h, mercadeoucab.solicitud_estudio as se
INNER JOIN mercadeoucab.dato_usuario as du ON se.fk_nivelEconomico = du.fk_nivelEconomico
INNER JOIN mercadeoucab.region_estudio as re ON re.fk_lugar = du.fk_Lugar
where
du.sexo = se.generoPoblacional
and (du.disponibilidadEnLinea =  se.disponibilidadEnLinea) 
and du.fk_ocupacion = se.fk_ocupacion
and TIMESTAMPDIFF(YEAR,du.fechaNacimiento,CURDATE()) between se.edadMinimaPoblacion and se.edadMaximaPoblacion
and se.conCuantasPersonasVive = du.conCuantasPersonasVive
and ((select count(*) from mercadeoucab.hijo as h where h.fk_datoUsuario = du.codigo) = se.cantidadHijos )
and e.fk_solicitudEstudio = du.codigo
and e.fk_usuario =?&quot;)
	at org.eclipse.persistence.exceptions.DatabaseException.sqlException(DatabaseException.java:340)
	at org.eclipse.persistence.internal.databaseaccess.DatabaseAccessor.basicExecuteCall(DatabaseAccessor.java:684)
	at org.eclipse.persistence.internal.databaseaccess.DatabaseAccessor.executeCall(DatabaseAccessor.java:560)
	at org.eclipse.persistence.internal.sessions.AbstractSession.basicExecuteCall(AbstractSession.java:2062)
	at org.eclipse.persistence.sessions.server.ServerSession.executeCall(ServerSession.java:570)
	at org.eclipse.persistence.internal.queries.DatasourceCallQueryMechanism.executeCall(DatasourceCallQueryMechanism.java:260)
	at org.eclipse.persistence.internal.queries.DatasourceCallQueryMechanism.executeCall(DatasourceCallQueryMechanism.java:246)
	at org.eclipse.persistence.internal.queries.DatasourceCallQueryMechanism.executeSelectCall(DatasourceCallQueryMechanism.java:317)
	at org.eclipse.persistence.internal.queries.DatasourceCallQueryMechanism.executeSelect(DatasourceCallQueryMechanism.java:299)
	at org.eclipse.persistence.queries.DataReadQuery.executeNonCursor(DataReadQuery.java:197)
	at org.eclipse.persistence.queries.DataReadQuery.executeDatabaseQuery(DataReadQuery.java:152)
	at org.eclipse.persistence.queries.DatabaseQuery.execute(DatabaseQuery.java:911)
	at org.eclipse.persistence.queries.DataReadQuery.execute(DataReadQuery.java:137)
	at org.eclipse.persistence.queries.DatabaseQuery.executeInUnitOfWork(DatabaseQuery.java:810)
	at org.eclipse.persistence.internal.sessions.UnitOfWorkImpl.internalExecuteQuery(UnitOfWorkImpl.java:2899)
	at org.eclipse.persistence.internal.sessions.AbstractSession.executeQuery(AbstractSession.java:1863)
	at org.eclipse.persistence.internal.sessions.AbstractSession.executeQuery(AbstractSession.java:1845)
	at org.eclipse.persistence.internal.sessions.AbstractSession.executeQuery(AbstractSession.java:1810)
	at org.eclipse.persistence.internal.jpa.QueryImpl.executeReadQuery(QueryImpl.java:258)
	... 35 more
Caused by: java.sql.SQLSyntaxErrorException: Unknown column &apos;se.cantidadHijos&apos; in &apos;where clause&apos;
	at com.mysql.cj.jdbc.exceptions.SQLError.createSQLException(SQLError.java:120)
	at com.mysql.cj.jdbc.exceptions.SQLError.createSQLException(SQLError.java:97)
	at com.mysql.cj.jdbc.exceptions.SQLExceptionsMapping.translateException(SQLExceptionsMapping.java:122)
	at com.mysql.cj.jdbc.ClientPreparedStatement.executeInternal(ClientPreparedStatement.java:953)
	at com.mysql.cj.jdbc.ClientPreparedStatement.executeQuery(ClientPreparedStatement.java:1003)
	at org.eclipse.persistence.internal.databaseaccess.DatabaseAccessor.executeSelect(DatabaseAccessor.java:1009)
	at org.eclipse.persistence.internal.databaseaccess.DatabaseAccessor.basicExecuteCall(DatabaseAccessor.java:644)
	... 52 more
</error>
    <system-out>[EL Fine]: moxy: 2020-12-31 01:04:23.299--Thread(Thread[main,5,main])--SAXParserFactory instance: com.sun.org.apache.xerces.internal.jaxp.SAXParserFactoryImpl@5b58ed3c
[EL Fine]: sql: 2020-12-31 01:04:23.329--ServerSession(1213349904)--Connection(480184864)--Thread(Thread[main,5,main])--select distinct du.codigo , du.primerNombre , se.descripcionSolicitud, e.estatus, se.disponibilidadEnLinea from mercadeoucab.estudio as e, mercadeoucab.hijo as h, mercadeoucab.solicitud_estudio as se
INNER JOIN mercadeoucab.dato_usuario as du ON se.fk_nivelEconomico = du.fk_nivelEconomico
INNER JOIN mercadeoucab.region_estudio as re ON re.fk_lugar = du.fk_Lugar
where
du.sexo = se.generoPoblacional
and (du.disponibilidadEnLinea =  se.disponibilidadEnLinea) 
and du.fk_ocupacion = se.fk_ocupacion
and TIMESTAMPDIFF(YEAR,du.fechaNacimiento,CURDATE()) between se.edadMinimaPoblacion and se.edadMaximaPoblacion
and se.conCuantasPersonasVive = du.conCuantasPersonasVive
and ((select count(*) from mercadeoucab.hijo as h where h.fk_datoUsuario = du.codigo) = se.cantidadHijos )
and e.fk_solicitudEstudio = du.codigo
and e.fk_usuario =?
	bind =&gt; [1]
[EL Fine]: sql: 2020-12-31 01:04:23.382--ServerSession(1213349904)--Thread(Thread[main,5,main])--SELECT 1
[EL Warning]: 2020-12-31 01:04:23.385--UnitOfWork(198098993)--Thread(Thread[main,5,main])--Exception [EclipseLink-4002] (Eclipse Persistence Services - 2.6.5.v20170607-b3d05bd): org.eclipse.persistence.exceptions.DatabaseException
Internal Exception: java.sql.SQLSyntaxErrorException: Unknown column &apos;se.cantidadHijos&apos; in &apos;where clause&apos;
Error Code: 1054
Call: select distinct du.codigo , du.primerNombre , se.descripcionSolicitud, e.estatus, se.disponibilidadEnLinea from mercadeoucab.estudio as e, mercadeoucab.hijo as h, mercadeoucab.solicitud_estudio as se
INNER JOIN mercadeoucab.dato_usuario as du ON se.fk_nivelEconomico = du.fk_nivelEconomico
INNER JOIN mercadeoucab.region_estudio as re ON re.fk_lugar = du.fk_Lugar
where
du.sexo = se.generoPoblacional
and (du.disponibilidadEnLinea =  se.disponibilidadEnLinea) 
and du.fk_ocupacion = se.fk_ocupacion
and TIMESTAMPDIFF(YEAR,du.fechaNacimiento,CURDATE()) between se.edadMinimaPoblacion and se.edadMaximaPoblacion
and se.conCuantasPersonasVive = du.conCuantasPersonasVive
and ((select count(*) from mercadeoucab.hijo as h where h.fk_datoUsuario = du.codigo) = se.cantidadHijos )
and e.fk_solicitudEstudio = du.codigo
and e.fk_usuario =?
	bind =&gt; [1]
Query: DataReadQuery(sql=&quot;select distinct du.codigo , du.primerNombre , se.descripcionSolicitud, e.estatus, se.disponibilidadEnLinea from mercadeoucab.estudio as e, mercadeoucab.hijo as h, mercadeoucab.solicitud_estudio as se
INNER JOIN mercadeoucab.dato_usuario as du ON se.fk_nivelEconomico = du.fk_nivelEconomico
INNER JOIN mercadeoucab.region_estudio as re ON re.fk_lugar = du.fk_Lugar
where
du.sexo = se.generoPoblacional
and (du.disponibilidadEnLinea =  se.disponibilidadEnLinea) 
and du.fk_ocupacion = se.fk_ocupacion
and TIMESTAMPDIFF(YEAR,du.fechaNacimiento,CURDATE()) between se.edadMinimaPoblacion and se.edadMaximaPoblacion
and se.conCuantasPersonasVive = du.conCuantasPersonasVive
and ((select count(*) from mercadeoucab.hijo as h where h.fk_datoUsuario = du.codigo) = se.cantidadHijos )
and e.fk_solicitudEstudio = du.codigo
and e.fk_usuario =?&quot;)
</system-out>
  </testcase>
  <testcase classname="EstudioORMWS_Test" name="addEstudioTest" time="0.672"/>
  <testcase classname="EstudioORMWS_Test" name="showEstudiosTest" time="0.081"/>
  <testcase classname="EstudioORMWS_Test" name="getAllByUserTest" time="0.024">
    <error type="java.lang.Exception">java.lang.Exception
	at ucab.dsw.servicio.EstudioORMWS.getAllByUser(EstudioORMWS.java:179)
	at EstudioORMWS_Test.getAllByUserTest(EstudioORMWS_Test.java:106)
	at sun.reflect.NativeMethodAccessorImpl.invoke0(Native Method)
	at sun.reflect.NativeMethodAccessorImpl.invoke(NativeMethodAccessorImpl.java:62)
	at sun.reflect.DelegatingMethodAccessorImpl.invoke(DelegatingMethodAccessorImpl.java:43)
	at java.lang.reflect.Method.invoke(Method.java:498)
	at org.junit.runners.model.FrameworkMethod$1.runReflectiveCall(FrameworkMethod.java:59)
	at org.junit.internal.runners.model.ReflectiveCallable.run(ReflectiveCallable.java:12)
	at org.junit.runners.model.FrameworkMethod.invokeExplosively(FrameworkMethod.java:56)
	at org.junit.internal.runners.statements.InvokeMethod.evaluate(InvokeMethod.java:17)
	at org.junit.runners.ParentRunner$3.evaluate(ParentRunner.java:305)
	at org.junit.runners.BlockJUnit4ClassRunner$1.evaluate(BlockJUnit4ClassRunner.java:100)
	at org.junit.runners.ParentRunner.runLeaf(ParentRunner.java:365)
	at org.junit.runners.BlockJUnit4ClassRunner.runChild(BlockJUnit4ClassRunner.java:103)
	at org.junit.runners.BlockJUnit4ClassRunner.runChild(BlockJUnit4ClassRunner.java:63)
	at org.junit.runners.ParentRunner$4.run(ParentRunner.java:330)
	at org.junit.runners.ParentRunner$1.schedule(ParentRunner.java:78)
	at org.junit.runners.ParentRunner.runChildren(ParentRunner.java:328)
	at org.junit.runners.ParentRunner.access$100(ParentRunner.java:65)
	at org.junit.runners.ParentRunner$2.evaluate(ParentRunner.java:292)
	at org.junit.runners.ParentRunner$3.evaluate(ParentRunner.java:305)
	at org.junit.runners.ParentRunner.run(ParentRunner.java:412)
	at org.apache.maven.surefire.junit4.JUnit4Provider.execute(JUnit4Provider.java:252)
	at org.apache.maven.surefire.junit4.JUnit4Provider.executeTestSet(JUnit4Provider.java:141)
	at org.apache.maven.surefire.junit4.JUnit4Provider.invoke(JUnit4Provider.java:112)
	at sun.reflect.NativeMethodAccessorImpl.invoke0(Native Method)
	at sun.reflect.NativeMethodAccessorImpl.invoke(NativeMethodAccessorImpl.java:62)
	at sun.reflect.DelegatingMethodAccessorImpl.invoke(DelegatingMethodAccessorImpl.java:43)
	at java.lang.reflect.Method.invoke(Method.java:498)
	at org.apache.maven.surefire.util.ReflectionUtils.invokeMethodWithArray(ReflectionUtils.java:189)
	at org.apache.maven.surefire.booter.ProviderFactory$ProviderProxy.invoke(ProviderFactory.java:165)
	at org.apache.maven.surefire.booter.ProviderFactory.invokeProvider(ProviderFactory.java:85)
	at org.apache.maven.surefire.booter.ForkedBooter.runSuitesInProcess(ForkedBooter.java:115)
	at org.apache.maven.surefire.booter.ForkedBooter.main(ForkedBooter.java:75)
</error>
    <system-out>[EL Fine]: sql: 2020-12-31 01:04:24.209--ServerSession(1213349904)--Connection(480184864)--Thread(Thread[main,5,main])--SELECT codigo, estado, estatus, fechaFin, fechaInicio, nombre, fk_solicitudEstudio, fk_usuario FROM estudio
</system-out>
  </testcase>
  <testcase classname="EstudioORMWS_Test" name="obtenerRecomendacionesTest" time="0.398"/>
  <testcase classname="EstudioORMWS_Test" name="updateEstudioTest" time="0.034">
    <failure message="Values should be different. Actual: 0" type="java.lang.AssertionError">java.lang.AssertionError: Values should be different. Actual: 0
	at org.junit.Assert.fail(Assert.java:89)
	at org.junit.Assert.failEquals(Assert.java:187)
	at org.junit.Assert.assertNotEquals(Assert.java:201)
	at org.junit.Assert.assertNotEquals(Assert.java:213)
	at EstudioORMWS_Test.updateEstudioTest(EstudioORMWS_Test.java:67)
	at sun.reflect.NativeMethodAccessorImpl.invoke0(Native Method)
	at sun.reflect.NativeMethodAccessorImpl.invoke(NativeMethodAccessorImpl.java:62)
	at sun.reflect.DelegatingMethodAccessorImpl.invoke(DelegatingMethodAccessorImpl.java:43)
	at java.lang.reflect.Method.invoke(Method.java:498)
	at org.junit.runners.model.FrameworkMethod$1.runReflectiveCall(FrameworkMethod.java:59)
	at org.junit.internal.runners.model.ReflectiveCallable.run(ReflectiveCallable.java:12)
	at org.junit.runners.model.FrameworkMethod.invokeExplosively(FrameworkMethod.java:56)
	at org.junit.internal.runners.statements.InvokeMethod.evaluate(InvokeMethod.java:17)
	at org.junit.runners.ParentRunner$3.evaluate(ParentRunner.java:305)
	at org.junit.runners.BlockJUnit4ClassRunner$1.evaluate(BlockJUnit4ClassRunner.java:100)
	at org.junit.runners.ParentRunner.runLeaf(ParentRunner.java:365)
	at org.junit.runners.BlockJUnit4ClassRunner.runChild(BlockJUnit4ClassRunner.java:103)
	at org.junit.runners.BlockJUnit4ClassRunner.runChild(BlockJUnit4ClassRunner.java:63)
	at org.junit.runners.ParentRunner$4.run(ParentRunner.java:330)
	at org.junit.runners.ParentRunner$1.schedule(ParentRunner.java:78)
	at org.junit.runners.ParentRunner.runChildren(ParentRunner.java:328)
	at org.junit.runners.ParentRunner.access$100(ParentRunner.java:65)
	at org.junit.runners.ParentRunner$2.evaluate(ParentRunner.java:292)
	at org.junit.runners.ParentRunner$3.evaluate(ParentRunner.java:305)
	at org.junit.runners.ParentRunner.run(ParentRunner.java:412)
	at org.apache.maven.surefire.junit4.JUnit4Provider.execute(JUnit4Provider.java:252)
	at org.apache.maven.surefire.junit4.JUnit4Provider.executeTestSet(JUnit4Provider.java:141)
	at org.apache.maven.surefire.junit4.JUnit4Provider.invoke(JUnit4Provider.java:112)
	at sun.reflect.NativeMethodAccessorImpl.invoke0(Native Method)
	at sun.reflect.NativeMethodAccessorImpl.invoke(NativeMethodAccessorImpl.java:62)
	at sun.reflect.DelegatingMethodAccessorImpl.invoke(DelegatingMethodAccessorImpl.java:43)
	at java.lang.reflect.Method.invoke(Method.java:498)
	at org.apache.maven.surefire.util.ReflectionUtils.invokeMethodWithArray(ReflectionUtils.java:189)
	at org.apache.maven.surefire.booter.ProviderFactory$ProviderProxy.invoke(ProviderFactory.java:165)
	at org.apache.maven.surefire.booter.ProviderFactory.invokeProvider(ProviderFactory.java:85)
	at org.apache.maven.surefire.booter.ForkedBooter.runSuitesInProcess(ForkedBooter.java:115)
	at org.apache.maven.surefire.booter.ForkedBooter.main(ForkedBooter.java:75)
</failure>
    <system-out>[EL Warning]: 2020-12-31 01:04:24.659--UnitOfWork(901689694)--Thread(Thread[main,5,main])--Exception [EclipseLink-7251] (Eclipse Persistence Services - 2.6.5.v20170607-b3d05bd): org.eclipse.persistence.exceptions.ValidationException
Exception Description: The attribute [_id] of class [ucab.dsw.entidades.Solicitud_estudio] is mapped to a primary key column in the database. Updates are not allowed.
</system-out>
  </testcase>
  <testcase classname="EstudioORMWS_Test" name="getEstudiosClienteTest" time="0.015">
    <error type="java.lang.NullPointerException">java.lang.NullPointerException
	at ucab.dsw.servicio.EstudioORMWS.getEstudiosCliente(EstudioORMWS.java:380)
	at EstudioORMWS_Test.getEstudiosClienteTest(EstudioORMWS_Test.java:99)
	at sun.reflect.NativeMethodAccessorImpl.invoke0(Native Method)
	at sun.reflect.NativeMethodAccessorImpl.invoke(NativeMethodAccessorImpl.java:62)
	at sun.reflect.DelegatingMethodAccessorImpl.invoke(DelegatingMethodAccessorImpl.java:43)
	at java.lang.reflect.Method.invoke(Method.java:498)
	at org.junit.runners.model.FrameworkMethod$1.runReflectiveCall(FrameworkMethod.java:59)
	at org.junit.internal.runners.model.ReflectiveCallable.run(ReflectiveCallable.java:12)
	at org.junit.runners.model.FrameworkMethod.invokeExplosively(FrameworkMethod.java:56)
	at org.junit.internal.runners.statements.InvokeMethod.evaluate(InvokeMethod.java:17)
	at org.junit.runners.ParentRunner$3.evaluate(ParentRunner.java:305)
	at org.junit.runners.BlockJUnit4ClassRunner$1.evaluate(BlockJUnit4ClassRunner.java:100)
	at org.junit.runners.ParentRunner.runLeaf(ParentRunner.java:365)
	at org.junit.runners.BlockJUnit4ClassRunner.runChild(BlockJUnit4ClassRunner.java:103)
	at org.junit.runners.BlockJUnit4ClassRunner.runChild(BlockJUnit4ClassRunner.java:63)
	at org.junit.runners.ParentRunner$4.run(ParentRunner.java:330)
	at org.junit.runners.ParentRunner$1.schedule(ParentRunner.java:78)
	at org.junit.runners.ParentRunner.runChildren(ParentRunner.java:328)
	at org.junit.runners.ParentRunner.access$100(ParentRunner.java:65)
	at org.junit.runners.ParentRunner$2.evaluate(ParentRunner.java:292)
	at org.junit.runners.ParentRunner$3.evaluate(ParentRunner.java:305)
	at org.junit.runners.ParentRunner.run(ParentRunner.java:412)
	at org.apache.maven.surefire.junit4.JUnit4Provider.execute(JUnit4Provider.java:252)
	at org.apache.maven.surefire.junit4.JUnit4Provider.executeTestSet(JUnit4Provider.java:141)
	at org.apache.maven.surefire.junit4.JUnit4Provider.invoke(JUnit4Provider.java:112)
	at sun.reflect.NativeMethodAccessorImpl.invoke0(Native Method)
	at sun.reflect.NativeMethodAccessorImpl.invoke(NativeMethodAccessorImpl.java:62)
	at sun.reflect.DelegatingMethodAccessorImpl.invoke(DelegatingMethodAccessorImpl.java:43)
	at java.lang.reflect.Method.invoke(Method.java:498)
	at org.apache.maven.surefire.util.ReflectionUtils.invokeMethodWithArray(ReflectionUtils.java:189)
	at org.apache.maven.surefire.booter.ProviderFactory$ProviderProxy.invoke(ProviderFactory.java:165)
	at org.apache.maven.surefire.booter.ProviderFactory.invokeProvider(ProviderFactory.java:85)
	at org.apache.maven.surefire.booter.ForkedBooter.runSuitesInProcess(ForkedBooter.java:115)
	at org.apache.maven.surefire.booter.ForkedBooter.main(ForkedBooter.java:75)
</error>
    <system-out>[EL Warning]: 2020-12-31 01:04:24.666--UnitOfWork(901689694)--Thread(Thread[main,5,main])--Exception [EclipseLink-7251] (Eclipse Persistence Services - 2.6.5.v20170607-b3d05bd): org.eclipse.persistence.exceptions.ValidationException
Exception Description: The attribute [_id] of class [ucab.dsw.entidades.Solicitud_estudio] is mapped to a primary key column in the database. Updates are not allowed.
Estudios del cliente:
</system-out>
  </testcase>
</testsuite>